\BOOKMARK [1][-]{section.1}{Introduksjon}{}% 1
\BOOKMARK [1][-]{section.2}{Dagbok}{}% 2
\BOOKMARK [2][-]{subsection.2.1}{November 2015}{section.2}% 3
\BOOKMARK [2][-]{subsection.2.2}{Desember 2015}{section.2}% 4
\BOOKMARK [3][-]{subsubsection.2.2.1}{ M\370te med Biogrid 14.12.15}{subsection.2.2}% 5
\BOOKMARK [2][-]{subsection.2.3}{Januar 2016}{section.2}% 6
\BOOKMARK [3][-]{subsubsection.2.3.1}{Forprosjektrapport 07.01.16}{subsection.2.3}% 7
\BOOKMARK [3][-]{subsubsection.2.3.2}{12.01.16}{subsection.2.3}% 8
\BOOKMARK [3][-]{subsubsection.2.3.3}{14.01.16}{subsection.2.3}% 9
\BOOKMARK [3][-]{subsubsection.2.3.4}{Videom\370te med Biogrid 15.01.16}{subsection.2.3}% 10
\BOOKMARK [3][-]{subsubsection.2.3.5}{M\370te med veileder Thor Hasle 21.01.16}{subsection.2.3}% 11
\BOOKMARK [3][-]{subsubsection.2.3.6}{22.01.16}{subsection.2.3}% 12
\BOOKMARK [3][-]{subsubsection.2.3.7}{Kravspesifikasjon 25.01.16 - 03.02.16}{subsection.2.3}% 13
\BOOKMARK [2][-]{subsection.2.4}{Februar}{section.2}% 14
\BOOKMARK [3][-]{subsubsection.2.4.1}{M\370te med Biogrid p\345 Startup Lab - 04.02.16 }{subsection.2.4}% 15
\BOOKMARK [3][-]{subsubsection.2.4.2}{JavaScript bibliotek for grafer 05.02.16}{subsection.2.4}% 16
\BOOKMARK [3][-]{subsubsection.2.4.3}{Evaluering og valg 09.02.16}{subsection.2.4}% 17
\BOOKMARK [3][-]{subsubsection.2.4.4}{Meteor i kombinasjon med ReactJS15.02.16}{subsection.2.4}% 18
\BOOKMARK [3][-]{subsubsection.2.4.5}{Fra database til graf 18.02.16}{subsection.2.4}% 19
\BOOKMARK [3][-]{subsubsection.2.4.6}{Latex og graf 19.02.16}{subsection.2.4}% 20
\BOOKMARK [3][-]{subsubsection.2.4.7}{Sp\370rringer mot Mongo 20.02.16}{subsection.2.4}% 21
\BOOKMARK [3][-]{subsubsection.2.4.8}{Fra testFil}{subsection.2.4}% 22
